#
# There is insufficient memory for the Java Runtime Environment to continue.
# Native memory allocation (malloc) failed to allocate 1048576 bytes for AllocateHeap
# Possible reasons:
#   The system is out of physical RAM or swap space
#   The process is running with CompressedOops enabled, and the Java Heap may be blocking the growth of the native heap
# Possible solutions:
#   Reduce memory load on the system
#   Increase physical memory or swap space
#   Check if swap backing store is full
#   Decrease Java heap size (-Xmx/-Xms)
#   Decrease number of Java threads
#   Decrease Java thread stack sizes (-Xss)
#   Set larger code cache with -XX:ReservedCodeCacheSize=
#   JVM is running with Unscaled Compressed Oops mode in which the Java heap is
#     placed in the first 4GB address space. The Java Heap base address is the
#     maximum limit for the native heap growth. Please use -XX:HeapBaseMinAddress
#     to set the Java Heap base and to place the Java Heap above 4GB virtual address.
# This output file may be truncated or incomplete.
#
#  Out of Memory Error (allocation.cpp:44), pid=31600, tid=31064
#
# JRE version:  (17.0.2+8) (build )
# Java VM: OpenJDK 64-Bit Server VM (17.0.2+8, mixed mode, tiered, compressed oops, compressed class ptrs, parallel gc, windows-amd64)
# No core dump will be written. Minidumps are not enabled by default on client versions of Windows
#

---------------  S U M M A R Y ------------

Command Line: --add-modules=ALL-SYSTEM --add-opens=java.base/java.util=ALL-UNNAMED --add-opens=java.base/java.lang=ALL-UNNAMED --add-opens=java.base/sun.nio.fs=ALL-UNNAMED -Declipse.application=org.eclipse.jdt.ls.core.id1 -Dosgi.bundles.defaultStartLevel=4 -Declipse.product=org.eclipse.jdt.ls.core.product -Djava.import.generatesMetadataFilesAtProjectRoot=false -Dfile.encoding=utf8 -DwatchParentProcess=false -XX:+UseParallelGC -XX:GCTimeRatio=4 -XX:AdaptiveSizePolicyWeight=90 -Dsun.zip.disableMemoryMapping=true -Xmx1G -Xms100m c:\Users\brigh\.vscode\extensions\redhat.java-1.4.0\server\plugins\org.eclipse.equinox.launcher_1.6.400.v20210924-0641.jar -configuration c:\Users\brigh\AppData\Roaming\Code\User\globalStorage\redhat.java\1.4.0\config_ss_win -data c:\Users\brigh\AppData\Roaming\Code\User\workspaceStorage\b1f494f336e697db1f12d44b3c9eb479\redhat.java\ss_ws

Host: AMD Ryzen 5 3600 6-Core Processor              , 12 cores, 15G,  Windows 10 , 64 bit Build 19041 (10.0.19041.1566)
Time: Fri Mar 18 01:43:24 2022 Eastern Daylight Time elapsed time: 0.166249 seconds (0d 0h 0m 0s)

---------------  T H R E A D  ---------------

Current thread (0x00000214f1be3f90):  JavaThread "Unknown thread" [_thread_in_vm, id=31064, stack(0x000000aee2700000,0x000000aee2800000)]

Stack: [0x000000aee2700000,0x000000aee2800000]
Native frames: (J=compiled Java code, j=interpreted, Vv=VM code, C=native code)
V  [jvm.dll+0x67564a]
V  [jvm.dll+0x82fc04]
V  [jvm.dll+0x8313ae]
V  [jvm.dll+0x831a13]
V  [jvm.dll+0x245235]
V  [jvm.dll+0xa6393]
V  [jvm.dll+0x6b28b3]
V  [jvm.dll+0x6b341f]
V  [jvm.dll+0x681d18]
V  [jvm.dll+0x801f98]
V  [jvm.dll+0x369004]
V  [jvm.dll+0x7e0cdc]
V  [jvm.dll+0x3eb8bf]
V  [jvm.dll+0x3ed441]
C  [jli.dll+0x5277]
C  [ucrtbase.dll+0x21bb2]
C  [KERNEL32.DLL+0x17034]
C  [ntdll.dll+0x52651]


---------------  P R O C E S S  ---------------

Threads class SMR info:
_java_thread_list=0x00007ffb14cd5e98, length=0, elements={
}

Java Threads: ( => current thread )

Other Threads:
  0x00000214f1c02ac0 GCTaskThread "GC Thread#0" [stack: 0x000000aee2800000,0x000000aee2900000] [id=31452]

=>0x00000214f1be3f90 (exited) JavaThread "Unknown thread" [_thread_in_vm, id=31064, stack(0x000000aee2700000,0x000000aee2800000)]

Threads with active compile tasks:

VM state: not at safepoint (normal execution)

VM Mutex/Monitor currently owned by a thread: None

Heap address: 0x00000000c0000000, size: 1024 MB, Compressed Oops mode: 32-bit

CDS archive(s) not mapped
Compressed class space mapped at: 0x0000000100000000-0x0000000140000000, reserved size: 1073741824
Narrow klass base: 0x0000000000000000, Narrow klass shift: 3, Narrow klass range: 0x140000000

GC Precious Log:
 CPUs: 12 total, 12 available
 Memory: 16297M
 Large Page Support: Disabled
 NUMA Support: Disabled
 Compressed Oops: Enabled (32-bit)
 Alignments: Space 512K, Generation 512K, Heap 2M
 Heap Min Capacity: 100M
 Heap Initial Capacity: 100M
 Heap Max Capacity: 1G
 Pre-touch: Disabled
 Parallel Workers: 10

Heap:
 PSYoungGen      total 29696K, used 512K [0x00000000eab00000, 0x00000000ecc00000, 0x0000000100000000)
  eden space 25600K, 2% used [0x00000000eab00000,0x00000000eab80070,0x00000000ec400000)
  from space 4096K, 0% used [0x00000000ec800000,0x00000000ec800000,0x00000000ecc00000)
  to   space 4096K, 0% used [0x00000000ec400000,0x00000000ec400000,0x00000000ec800000)
 ParOldGen       total 68608K, used 0K [0x00000000c0000000, 0x00000000c4300000, 0x00000000eab00000)
  object space 68608K, 0% used [0x00000000c0000000,0x00000000c0000000,0x00000000c4300000)
 Metaspace       used 1149K, committed 1216K, reserved 1056768K
  class space    used 101K, committed 128K, reserved 1048576K

Card table byte_map: [0x00000214f15a0000,0x00000214f17b0000] _byte_map_base: 0x00000214f0fa0000

Marking Bits: (ParMarkBitMap*) 0x00007ffb14d43af0
 Begin Bits: [0x00000214f4870000, 0x00000214f5870000)
 End Bits:   [0x00000214f5870000, 0x00000214f6870000)

Polling page: 0x00000214efb60000

Metaspace:

Usage:
  Non-class:      1.02 MB used.
      Class:    101.01 KB used.
       Both:      1.12 MB used.

Virtual space:
  Non-class space:        8.00 MB reserved,       1.06 MB ( 13%) committed,  1 nodes.
      Class space:        1.00 GB reserved,     128.00 KB ( <1%) committed,  1 nodes.
             Both:        1.01 GB reserved,       1.19 MB ( <1%) committed. 

Chunk freelists:
   Non-Class:  0 bytes
       Class:  3.75 MB
        Both:  3.75 MB

MaxMetaspaceSize: unlimited
CompressedClassSpaceSize: 1.00 GB
Initial GC threshold: 21.00 MB
Current GC threshold: 17179869184.00 GB
CDS: off
MetaspaceReclaimPolicy: balanced
 - commit_granule_bytes: 65536.
 - commit_granule_words: 8192.
 - virtual_space_node_default_size: 1048576.
 - enlarge_chunks_in_place: 1.
 - new_chunks_are_fully_committed: 0.
 - uncommit_free_chunks: 1.
 - use_allocation_guard: 0.
 - handle_deallocations: 1.


Internal statistics:

num_allocs_failed_limit: 0.
num_arena_births: 2.
num_arena_deaths: 0.
num_vsnodes_births: 2.
num_vsnodes_deaths: 0.
num_space_committed: 19.
num_space_uncommitted: 0.
num_chunks_returned_to_freelist: 0.
num_chunks_taken_from_freelist: 3.
num_chunk_merges: 0.
num_chunk_splits: 1.
num_chunks_enlarged: 0.
num_purges: 0.
num_inconsistent_stats: 0.

CodeHeap 'non-profiled nmethods': size=120000Kb used=0Kb max_used=0Kb free=120000Kb
 bounds [0x0000021487ad0000, 0x0000021487d40000, 0x000002148f000000]
CodeHeap 'profiled nmethods': size=120000Kb used=0Kb max_used=0Kb free=120000Kb
 bounds [0x00000214805a0000, 0x0000021480810000, 0x0000021487ad0000]
CodeHeap 'non-nmethods': size=5760Kb used=202Kb max_used=335Kb free=5557Kb
 bounds [0x0000021480000000, 0x0000021480270000, 0x00000214805a0000]
 total_blobs=66 nmethods=0 adapters=47
 compilation: enabled
              stopped_count=0, restarted_count=0
 full_count=0

Compilation events (0 events):
No events

GC Heap History (0 events):
No events

Deoptimization events (0 events):
No events

Classes unloaded (0 events):
No events

Classes redefined (0 events):
No events

Internal exceptions (0 events):
No events

VM Operations (0 events):
No events

Events (20 events):
Event: 0.141 loading class java/lang/Long
Event: 0.141 loading class java/lang/Long done
Event: 0.141 loading class java/util/Iterator
Event: 0.141 loading class java/util/Iterator done
Event: 0.141 loading class java/lang/reflect/RecordComponent
Event: 0.141 loading class java/lang/reflect/RecordComponent done
Event: 0.141 loading class jdk/internal/vm/vector/VectorSupport
Event: 0.142 loading class jdk/internal/vm/vector/VectorSupport done
Event: 0.142 loading class jdk/internal/vm/vector/VectorSupport$VectorPayload
Event: 0.142 loading class jdk/internal/vm/vector/VectorSupport$VectorPayload done
Event: 0.142 loading class jdk/internal/vm/vector/VectorSupport$Vector
Event: 0.142 loading class jdk/internal/vm/vector/VectorSupport$Vector done
Event: 0.142 loading class jdk/internal/vm/vector/VectorSupport$VectorMask
Event: 0.142 loading class jdk/internal/vm/vector/VectorSupport$VectorMask done
Event: 0.142 loading class jdk/internal/vm/vector/VectorSupport$VectorShuffle
Event: 0.142 loading class jdk/internal/vm/vector/VectorSupport$VectorShuffle done
Event: 0.151 loading class java/lang/NullPointerException
Event: 0.151 loading class java/lang/NullPointerException done
Event: 0.151 loading class java/lang/ArithmeticException
Event: 0.151 loading class java/lang/ArithmeticException done


Dynamic libraries:
0x00007ff6bd210000 - 0x00007ff6bd21e000 	c:\Users\brigh\.vscode\extensions\redhat.java-1.4.0\jre\17.0.2-win32-x86_64\bin\java.exe
0x00007ffbaf9f0000 - 0x00007ffbafbe5000 	C:\WINDOWS\SYSTEM32\ntdll.dll
0x00007ffbaf760000 - 0x00007ffbaf81e000 	C:\WINDOWS\System32\KERNEL32.DLL
0x00007ffbad540000 - 0x00007ffbad808000 	C:\WINDOWS\System32\KERNELBASE.dll
0x00007ffbad8a0000 - 0x00007ffbad9a0000 	C:\WINDOWS\System32\ucrtbase.dll
0x00007ffb7dfa0000 - 0x00007ffb7dfb9000 	c:\Users\brigh\.vscode\extensions\redhat.java-1.4.0\jre\17.0.2-win32-x86_64\bin\VCRUNTIME140.dll
0x00007ffb7df50000 - 0x00007ffb7df68000 	c:\Users\brigh\.vscode\extensions\redhat.java-1.4.0\jre\17.0.2-win32-x86_64\bin\jli.dll
0x00007ffbae7e0000 - 0x00007ffbae980000 	C:\WINDOWS\System32\USER32.dll
0x00007ffbad270000 - 0x00007ffbad292000 	C:\WINDOWS\System32\win32u.dll
0x00007ffb99cc0000 - 0x00007ffb99f5a000 	C:\WINDOWS\WinSxS\amd64_microsoft.windows.common-controls_6595b64144ccf1df_6.0.19041.1110_none_60b5254171f9507e\COMCTL32.dll
0x00007ffbae060000 - 0x00007ffbae08b000 	C:\WINDOWS\System32\GDI32.dll
0x00007ffbaf180000 - 0x00007ffbaf21e000 	C:\WINDOWS\System32\msvcrt.dll
0x00007ffbad390000 - 0x00007ffbad49b000 	C:\WINDOWS\System32\gdi32full.dll
0x00007ffbad4a0000 - 0x00007ffbad53d000 	C:\WINDOWS\System32\msvcp_win.dll
0x00007ffbadb80000 - 0x00007ffbadbb0000 	C:\WINDOWS\System32\IMM32.DLL
0x00007ffb85e90000 - 0x00007ffb85e9c000 	c:\Users\brigh\.vscode\extensions\redhat.java-1.4.0\jre\17.0.2-win32-x86_64\bin\vcruntime140_1.dll
0x00007ffb1d8a0000 - 0x00007ffb1d931000 	c:\Users\brigh\.vscode\extensions\redhat.java-1.4.0\jre\17.0.2-win32-x86_64\bin\msvcp140.dll
0x00007ffb141c0000 - 0x00007ffb14e07000 	c:\Users\brigh\.vscode\extensions\redhat.java-1.4.0\jre\17.0.2-win32-x86_64\bin\server\jvm.dll
0x00007ffbaf900000 - 0x00007ffbaf9ae000 	C:\WINDOWS\System32\ADVAPI32.dll
0x00007ffbaf230000 - 0x00007ffbaf2cc000 	C:\WINDOWS\System32\sechost.dll
0x00007ffbadc90000 - 0x00007ffbaddb5000 	C:\WINDOWS\System32\RPCRT4.dll
0x00007ffbaf750000 - 0x00007ffbaf758000 	C:\WINDOWS\System32\PSAPI.DLL
0x00007ffba5d40000 - 0x00007ffba5d4a000 	C:\WINDOWS\SYSTEM32\VERSION.dll
0x00007ffba9bf0000 - 0x00007ffba9bf9000 	C:\WINDOWS\SYSTEM32\WSOCK32.dll
0x00007ffb9dff0000 - 0x00007ffb9e017000 	C:\WINDOWS\SYSTEM32\WINMM.dll
0x00007ffbae980000 - 0x00007ffbae9eb000 	C:\WINDOWS\System32\WS2_32.dll
0x00007ffbab040000 - 0x00007ffbab052000 	C:\WINDOWS\SYSTEM32\kernel.appcore.dll
0x00007ffb83130000 - 0x00007ffb8313a000 	c:\Users\brigh\.vscode\extensions\redhat.java-1.4.0\jre\17.0.2-win32-x86_64\bin\jimage.dll
0x00007ffb92520000 - 0x00007ffb92704000 	C:\WINDOWS\SYSTEM32\DBGHELP.DLL
0x00007ffb92e40000 - 0x00007ffb92e6c000 	C:\WINDOWS\SYSTEM32\dbgcore.DLL
0x00007ffbad810000 - 0x00007ffbad892000 	C:\WINDOWS\System32\bcryptPrimitives.dll
0x00007ffb714c0000 - 0x00007ffb714e5000 	c:\Users\brigh\.vscode\extensions\redhat.java-1.4.0\jre\17.0.2-win32-x86_64\bin\java.dll
0x00007ffb77c80000 - 0x00007ffb77c98000 	c:\Users\brigh\.vscode\extensions\redhat.java-1.4.0\jre\17.0.2-win32-x86_64\bin\zip.dll

dbghelp: loaded successfully - version: 4.0.5 - missing functions: none
symbol engine: initialized successfully - sym options: 0x614 - pdb path: .;c:\Users\brigh\.vscode\extensions\redhat.java-1.4.0\jre\17.0.2-win32-x86_64\bin;C:\WINDOWS\SYSTEM32;C:\WINDOWS\WinSxS\amd64_microsoft.windows.common-controls_6595b64144ccf1df_6.0.19041.1110_none_60b5254171f9507e;c:\Users\brigh\.vscode\extensions\redhat.java-1.4.0\jre\17.0.2-win32-x86_64\bin\server

VM Arguments:
jvm_args: --add-modules=ALL-SYSTEM --add-opens=java.base/java.util=ALL-UNNAMED --add-opens=java.base/java.lang=ALL-UNNAMED --add-opens=java.base/sun.nio.fs=ALL-UNNAMED -Declipse.application=org.eclipse.jdt.ls.core.id1 -Dosgi.bundles.defaultStartLevel=4 -Declipse.product=org.eclipse.jdt.ls.core.product -Djava.import.generatesMetadataFilesAtProjectRoot=false -Dfile.encoding=utf8 -DwatchParentProcess=false -XX:+UseParallelGC -XX:GCTimeRatio=4 -XX:AdaptiveSizePolicyWeight=90 -Dsun.zip.disableMemoryMapping=true -Xmx1G -Xms100m 
java_command: c:\Users\brigh\.vscode\extensions\redhat.java-1.4.0\server\plugins\org.eclipse.equinox.launcher_1.6.400.v20210924-0641.jar -configuration c:\Users\brigh\AppData\Roaming\Code\User\globalStorage\redhat.java\1.4.0\config_ss_win -data c:\Users\brigh\AppData\Roaming\Code\User\workspaceStorage\b1f494f336e697db1f12d44b3c9eb479\redhat.java\ss_ws
java_class_path (initial): c:\Users\brigh\.vscode\extensions\redhat.java-1.4.0\server\plugins\org.eclipse.equinox.launcher_1.6.400.v20210924-0641.jar
Launcher Type: SUN_STANDARD

[Global flags]
    uintx AdaptiveSizePolicyWeight                 = 90                                        {product} {command line}
     intx CICompilerCount                          = 4                                         {product} {ergonomic}
    uintx GCTimeRatio                              = 4                                         {product} {command line}
   size_t InitialHeapSize                          = 104857600                                 {product} {command line}
   size_t MaxHeapSize                              = 1073741824                                {product} {command line}
   size_t MaxNewSize                               = 357564416                                 {product} {ergonomic}
   size_t MinHeapDeltaBytes                        = 524288                                    {product} {ergonomic}
   size_t MinHeapSize                              = 104857600                                 {product} {command line}
   size_t NewSize                                  = 34603008                                  {product} {ergonomic}
    uintx NonNMethodCodeHeapSize                   = 5839372                                {pd product} {ergonomic}
    uintx NonProfiledCodeHeapSize                  = 122909434                              {pd product} {ergonomic}
   size_t OldSize                                  = 70254592                                  {product} {ergonomic}
    uintx ProfiledCodeHeapSize                     = 122909434                              {pd product} {ergonomic}
    uintx ReservedCodeCacheSize                    = 251658240                              {pd product} {ergonomic}
     bool SegmentedCodeCache                       = true                                      {product} {ergonomic}
   size_t SoftMaxHeapSize                          = 1073741824                             {manageable} {ergonomic}
     bool UseCompressedClassPointers               = true                           {product lp64_product} {ergonomic}
     bool UseCompressedOops                        = true                           {product lp64_product} {ergonomic}
     bool UseLargePagesIndividualAllocation        = false                                  {pd product} {ergonomic}
     bool UseParallelGC                            = true                                      {product} {command line}

Logging:
Log output configuration:
 #0: stdout all=warning uptime,level,tags
 #1: stderr all=off uptime,level,tags

Environment Variables:
PATH=C:\Perl64\bin;C:\Users\brigh\AppData\Roaming\ActiveState\bin;C:\Program Files\Common Files\Oracle\Java\javapath;C:\Program Files (x86)\Common Files\Oracle\Java\javapath;C:\windows\system32;C:\windows;C:\windows\System32\Wbem;C:\windows\System32\WindowsPowerShell\v1.0\;C:\windows\System32\OpenSSH\;C:\Program Files (x86)\NVIDIA Corporation\PhysX\Common;C:\Program Files\NVIDIA Corporation\NVIDIA NvDLISR;C:\Program Files\Git\cmd;C:\Program Files\MiKTeX\miktex\bin\x64\;C:\Program Files\WorldPainter;C:\Program Files\NVIDIA Corporation\Nsight Compute 2020.3.1\;D:\SadPrograms\WorldPainter;C:\WINDOWS\system32;C:\WINDOWS;C:\WINDOWS\System32\Wbem;C:\WINDOWS\System32\WindowsPowerShell\v1.0\;C:\WINDOWS\System32\OpenSSH\;C:\Program Files\dotnet\;D:\SadPrograms\MATLAB\R2021a\bin;D:\SadPrograms\nodejs\;C:\Users\brigh\AppData\Local\activestate\StateTool\release;C:\Users\brigh\AppData\Local\activestate\StateTool\release;C:\Users\brigh\AppData\Local\activestate\StateTool\release;C:\Users\brigh\AppData\Local\activestate\StateTool\release;C:\Users\brigh\AppData\Local\activestate\StateTool\release;C:\Users\brigh\AppData\Local\activestate\StateTool\release;C:\Users\brigh\AppData\Local\activestate\StateTool\release;C:\Users\brigh\AppData\Local\activestate\StateTool\release;C:\Users\brigh\AppData\Local\activestate\StateTool\release;C:\Users\brigh\AppData\Local\activestate\StateTool\release;C:\Users\brigh\AppData\Local\activestate\StateTool\release;C:\Users\brigh\AppData\Local\activestate\StateTool\release;C:\Users\brigh\AppData\Local\activestate\StateTool\release;C:\Users\brigh\AppData\Local\activestate\StateTool\release;C:\Users\brigh\AppData\Local\activestate\StateTool\release;C:\Ruby30-x64\bin;C:\Users\brigh\AppData\Local\activestate\StateTool\release;C:\Users\brigh\AppData\Local\activestate\StateTool\release;C:\Users\brigh\AppData\Local\activestate\StateTool\release;C:\Users\brigh\AppData\Local\activestate\cache\bin;C:\Users\brigh\AppData\Local\ActiveState\StateTool\release;C:\Users\b
USERNAME=brigh
OS=Windows_NT
PROCESSOR_IDENTIFIER=AMD64 Family 23 Model 113 Stepping 0, AuthenticAMD



---------------  S Y S T E M  ---------------

OS:
 Windows 10 , 64 bit Build 19041 (10.0.19041.1566)
OS uptime: 0 days 15:17 hours

CPU: total 12 (initial active 12) (12 cores per cpu, 2 threads per core) family 23 model 113 stepping 0 microcode 0x0, cx8, cmov, fxsr, ht, mmx, 3dnowpref, sse, sse2, sse3, ssse3, sse4a, sse4.1, sse4.2, popcnt, lzcnt, tsc, tscinvbit, avx, avx2, aes, clmul, bmi1, bmi2, adx, sha, fma, vzeroupper, clflush, clflushopt

Memory: 4k page, system-wide physical 16297M (635M free)
TotalPageFile size 30545M (AvailPageFile size 10M)
current process WorkingSet (physical memory assigned to process): 15M, peak: 15M
current process commit charge ("private bytes"): 172M, peak: 173M

vm_info: OpenJDK 64-Bit Server VM (17.0.2+8) for windows-amd64 JRE (17.0.2+8), built on Jan 20 2022 04:52:34 by "" with MS VC++ 16.7 (VS2019)

END.
